<?xml version="1.0" encoding="UTF-8"?>
<!-- Generated by org.testng.reporters.JUnitReportReporter -->
<testsuite hostname="m915.local" failures="0" tests="2" name="tests.safariTest" time="8.306" errors="2" timestamp="2020-06-10T10:41:53 PDT" skipped="0">
  <testcase classname="tests.safariTest" name="webTest1" time="8.306">
    <error message="Unable to create a new remote session. Please check the server log for more details. Original error: An unknown server-side error occurred while processing the command. Original error: Unable to launch WebDriverAgent because of xcodebuild failure: xcodebuild failed with code 65
xcodebuild error message:

2020-06-10 10:41:53.130 xcodebuild[80263:1501910]  iPhoneConnect: ðŸ“±&lt;DVTiOSDevice (0x7ffdc8b806f0), TransmitterTeamâ€™s iPhone, iPhone, 12.3.1 (16F203), dd5248d47c0b16cb20c11ef4cb2fd65d25ae73f4&gt; failed to install /Users/sm0520/Library/Developer/Xcode/DerivedData/WebDriverAgent-ciegwgvxzxdrqthilmrmczmqvrgu/Build/Products/Debug-iphoneos/WebDriverAgentRunner-Runner.app - error Error Domain=com.apple.dtdevicekit Code=-402620395 &quot;App installation failed&quot; UserInfo={NSLocalizedDescription=App installation failed, com.apple.dtdevicekit.stacktrace=(
	0   DTDeviceKitBase                     0x000000011b1aaa56 DTDKCreateNSError + 113
	1   DTDeviceKitBase                     0x000000011b1ab2c5 DTDK_AMDErrorToNSError + 1177
	2   DTDeviceKitBase                     0x000000011b1eb585 __90-[DTDKMobileDeviceToken installApplicationBundleAtPath:withOptions:andError:withCallback:]_block_invoke + 158
	3   DVTFoundation                       0x000000010c97e511 DVTInvokeWithStrongOwnership + 73
	4   DTDeviceKitBase                     0x000000011b1eb2b2 -[DTDKMobileDeviceToken installApplicationBundleAtPath:withOptions:andError:withCallback:] + 1439
	5   IDEiOSSupportCore                   0x000000011b0e3279 __118-[DVTiOSDevice(DVTiPhoneApplicationInstallation) processAppInstallSet:appUninstallSet:installOptions:completionBlock:]_block_invoke.338 + 4146
	6   DVTFoundation                       0x000000010caae43e __DVTDispatchAsync_block_invoke + 801
	7   libdispatch.dylib                   0x00007fff70d5f6c4 _dispatch_call_block_and_release + 12
	8   libdispatch.dylib                   0x00007fff70d60658 _dispatch_client_callout + 8
	9   libdispatch.dylib                   0x00007fff70d65c44 _dispatch_lane_serial_drain + 597
	10  libdispatch.dylib                   0x00007fff70d665d6 _dispatch_lane_invoke + 363
	11  libdispatch.dylib                   0x00007fff70d6fc09 _dispatch_workloop_worker_thread + 596
	12  libsystem_pthread.dylib             0x00007fff70fbaa3d _pthread_wqthread + 290
	13  libsystem_pthread.dylib             0x00007fff70fb9b77 start_wqthread + 15
), NSLocalizedRecoverySuggestion=A valid provisioning profile for this executable was not found., NSLocalizedFailureReason=A valid provisioning profile for this executable was not found.}
*** If you believe this error represents a bug, please attach the result bundle at /Users/sm0520/Library/Developer/Xcode/DerivedData/WebDriverAgent-ciegwgvxzxdrqthilmrmczmqvrgu/Logs/Test/Test-WebDriverAgentRunner-2020.06.10_10-41-51--0700.xcresult
2020-06-10 10:41:53.135 xcodebuild[80263:1501865] [MT] IDETestOperationsObserverDebug: 1.287 elapsed -- Testing started completed.
2020-06-10 10:41:53.135 xcodebuild[80263:1501865] [MT] IDETestOperationsObserverDebug: 0.000 sec, +0.000 sec -- start
2020-06-10 10:41:53.135 xcodebuild[80263:1501865] [MT] IDETestOperationsObserverDebug: 1.287 sec, +1.287 sec -- end
2020-06-10 10:41:53.135 xcodebuild[80263:1501865] Error Domain=com.apple.dtdevicekit Code=-402620395 &quot;App installation failed&quot; UserInfo={NSLocalizedDescription=App installation failed, com.apple.dtdevicekit.stacktrace=(
	0   DTDeviceKitBase                     0x000000011b1aaa56 DTDKCreateNSError + 113
	1   DTDeviceKitBase                     0x000000011b1ab2c5 DTDK_AMDErrorToNSError + 1177
	2   DTDeviceKitBase                     0x000000011b1eb585 __90-[DTDKMobileDeviceToken installApplicationBundleAtPath:withOptions:andError:withCallback:]_block_invoke + 158
	3   DVTFoundation                       0x000000010c97e511 DVTInvokeWithStrongOwnership + 73
	4   DTDeviceKitBase                     0x000000011b1eb2b2 -[DTDKMobileDeviceToken installApplicationBundleAtPath:withOptions:andError:withCallback:] + 1439
	5   IDEiOSSupportCore                   0x000000011b0e3279 __118-[DVTiOSDevice(DVTiPhoneApplicationInstallation) processAppInstallSet:appUninstallSet:installOptions:completionBlock:]_block_invoke.338 + 4146
	6   DVTFoundation                       0x000000010caae43e __DVTDispatchAsync_block_invoke + 801
	7   libdispatch.dylib                   0x00007fff70d5f6c4 _dispatch_call_block_and_release + 12
	8   libdispatch.dylib                   0x00007fff70d60658 _dispatch_client_callout + 8
	9   libdispatch.dylib                   0x00007fff70d65c44 _dispatch_lane_serial_drain + 597
	10  libdispatch.dylib                   0x00007fff70d665d6 _dispatch_lane_invoke + 363
	11  libdispatch.dylib                   0x00007fff70d6fc09 _dispatch_workloop_worker_thread + 596
	12  libsystem_pthread.dylib             0x00007fff70fbaa3d _pthread_wqthread + 290
	13  libsystem_pthread.dylib             0x00007fff70fb9b77 start_wqthread + 15
), NSLocalizedRecoverySuggestion=A valid provisioning profile for this executable was not found., NSLocalizedFailureReason=A valid provisioning profile for this executable was not found.}
Testing failed:
	Provisioning profile &quot;iOS Team Provisioning Profile: com.sm0520.WebDriverAgentRunner&quot; expired on Jun 9, 2020. (in target &#039;WebDriverAgentRunner&#039;)
	WebDriverAgentRunner:
		WebDriverAgentRunner-Runner.app encountered an error (Failed to install or launch the test runner. (Underlying error: App installation failed. A valid provisioning profile for this executable was not found.))
Test session results and logs:
	/Users/sm0520/Library/Developer/Xcode/DerivedData/WebDriverAgent-ciegwgvxzxdrqthilmrmczmqvrgu/Logs/Test/Test-WebDriverAgentRunner-2020.06.10_10-41-51--0700.xcresult
** TEST EXECUTE FAILED **
Testing started on &#039;TransmitterTeamâ€™s iPhone&#039;. Make sure you follow the tutorial at https://github.com/appium/appium-xcuitest-driver/blob/master/docs/real-device-config.md. Try to remove the WebDriverAgentRunner application from the device if it is installed and reboot the device.
Build info: version: &#039;3.141.59&#039;, revision: &#039;e82be7d358&#039;, time: &#039;2018-11-14T08:17:03&#039;
System info: host: &#039;m915.local&#039;, ip: &#039;fe80:0:0:0:90:8c63:ed56:f314%en0&#039;, os.name: &#039;Mac OS X&#039;, os.arch: &#039;x86_64&#039;, os.version: &#039;10.15.4&#039;, java.version: &#039;14.0.1&#039;
Driver info: driver.version: BaseDriver
remote stacktrace: UnknownError: An unknown server-side error occurred while processing the command. Original error: Unable to launch WebDriverAgent because of xcodebuild failure: xcodebuild failed with code 65
xcodebuild error message:

2020-06-10 10:41:53.130 xcodebuild[80263:1501910]  iPhoneConnect: ðŸ“±&lt;DVTiOSDevice (0x7ffdc8b806f0), TransmitterTeamâ€™s iPhone, iPhone, 12.3.1 (16F203), dd5248d47c0b16cb20c11ef4cb2fd65d25ae73f4&gt; failed to install /Users/sm0520/Library/Developer/Xcode/DerivedData/WebDriverAgent-ciegwgvxzxdrqthilmrmczmqvrgu/Build/Products/Debug-iphoneos/WebDriverAgentRunner-Runner.app - error Error Domain=com.apple.dtdevicekit Code=-402620395 &quot;App installation failed&quot; UserInfo={NSLocalizedDescription=App installation failed, com.apple.dtdevicekit.stacktrace=(
	0   DTDeviceKitBase                     0x000000011b1aaa56 DTDKCreateNSError + 113
	1   DTDeviceKitBase                     0x000000011b1ab2c5 DTDK_AMDErrorToNSError + 1177
	2   DTDeviceKitBase                     0x000000011b1eb585 __90-[DTDKMobileDeviceToken installApplicationBundleAtPath:withOptions:andError:withCallback:]_block_invoke + 158
	3   DVTFoundation                       0x000000010c97e511 DVTInvokeWithStrongOwnership + 73
	4   DTDeviceKitBase                     0x000000011b1eb2b2 -[DTDKMobileDeviceToken installApplicationBundleAtPath:withOptions:andError:withCallback:] + 1439
	5   IDEiOSSupportCore                   0x000000011b0e3279 __118-[DVTiOSDevice(DVTiPhoneApplicationInstallation) processAppInstallSet:appUninstallSet:installOptions:completionBlock:]_block_invoke.338 + 4146
	6   DVTFoundation                       0x000000010caae43e __DVTDispatchAsync_block_invoke + 801
	7   libdispatch.dylib                   0x00007fff70d5f6c4 _dispatch_call_block_and_release + 12
	8   libdispatch.dylib                   0x00007fff70d60658 _dispatch_client_callout + 8
	9   libdispatch.dylib                   0x00007fff70d65c44 _dispatch_lane_serial_drain + 597
	10  libdispatch.dylib                   0x00007fff70d665d6 _dispatch_lane_invoke + 363
	11  libdispatch.dylib                   0x00007fff70d6fc09 _dispatch_workloop_worker_thread + 596
	12  libsystem_pthread.dylib             0x00007fff70fbaa3d _pthread_wqthread + 290
	13  libsystem_pthread.dylib             0x00007fff70fb9b77 start_wqthread + 15
), NSLocalizedRecoverySuggestion=A valid provisioning profile for this executable was not found., NSLocalizedFailureReason=A valid provisioning profile for this executable was not found.}
*** If you believe this error represents a bug, please attach the result bundle at /Users/sm0520/Library/Developer/Xcode/DerivedData/WebDriverAgent-ciegwgvxzxdrqthilmrmczmqvrgu/Logs/Test/Test-WebDriverAgentRunner-2020.06.10_10-41-51--0700.xcresult
2020-06-10 10:41:53.135 xcodebuild[80263:1501865] [MT] IDETestOperationsObserverDebug: 1.287 elapsed -- Testing started completed.
2020-06-10 10:41:53.135 xcodebuild[80263:1501865] [MT] IDETestOperationsObserverDebug: 0.000 sec, +0.000 sec -- start
2020-06-10 10:41:53.135 xcodebuild[80263:1501865] [MT] IDETestOperationsObserverDebug: 1.287 sec, +1.287 sec -- end
2020-06-10 10:41:53.135 xcodebuild[80263:1501865] Error Domain=com.apple.dtdevicekit Code=-402620395 &quot;App installation failed&quot; UserInfo={NSLocalizedDescription=App installation failed, com.apple.dtdevicekit.stacktrace=(
	0   DTDeviceKitBase                     0x000000011b1aaa56 DTDKCreateNSError + 113
	1   DTDeviceKitBase                     0x000000011b1ab2c5 DTDK_AMDErrorToNSError + 1177
	2   DTDeviceKitBase                     0x000000011b1eb585 __90-[DTDKMobileDeviceToken installApplicationBundleAtPath:withOptions:andError:withCallback:]_block_invoke + 158
	3   DVTFoundation                       0x000000010c97e511 DVTInvokeWithStrongOwnership + 73
	4   DTDeviceKitBase                     0x000000011b1eb2b2 -[DTDKMobileDeviceToken installApplicationBundleAtPath:withOptions:andError:withCallback:] + 1439
	5   IDEiOSSupportCore                   0x000000011b0e3279 __118-[DVTiOSDevice(DVTiPhoneApplicationInstallation) processAppInstallSet:appUninstallSet:installOptions:completionBlock:]_block_invoke.338 + 4146
	6   DVTFoundation                       0x000000010caae43e __DVTDispatchAsync_block_invoke + 801
	7   libdispatch.dylib                   0x00007fff70d5f6c4 _dispatch_call_block_and_release + 12
	8   libdispatch.dylib                   0x00007fff70d60658 _dispatch_client_callout + 8
	9   libdispatch.dylib                   0x00007fff70d65c44 _dispatch_lane_serial_drain + 597
	10  libdispatch.dylib                   0x00007fff70d665d6 _dispatch_lane_invoke + 363
	11  libdispatch.dylib                   0x00007fff70d6fc09 _dispatch_workloop_worker_thread + 596
	12  libsystem_pthread.dylib             0x00007fff70fbaa3d _pthread_wqthread + 290
	13  libsystem_pthread.dylib             0x00007fff70fb9b77 start_wqthread + 15
), NSLocalizedRecoverySuggestion=A valid provisioning profile for this executable was not found., NSLocalizedFailureReason=A valid provisioning profile for this executable was not found.}
Testing failed:
	Provisioning profile &quot;iOS Team Provisioning Profile: com.sm0520.WebDriverAgentRunner&quot; expired on Jun 9, 2020. (in target &#039;WebDriverAgentRunner&#039;)
	WebDriverAgentRunner:
		WebDriverAgentRunner-Runner.app encountered an error (Failed to install or launch the test runner. (Underlying error: App installation failed. A valid provisioning profile for this executable was not found.))
Test session results and logs:
	/Users/sm0520/Library/Developer/Xcode/DerivedData/WebDriverAgent-ciegwgvxzxdrqthilmrmczmqvrgu/Logs/Test/Test-WebDriverAgentRunner-2020.06.10_10-41-51--0700.xcresult
** TEST EXECUTE FAILED **
Testing started on &#039;TransmitterTeamâ€™s iPhone&#039;. Make sure you follow the tutorial at https://github.com/appium/appium-xcuitest-driver/blob/master/docs/real-device-config.md. Try to remove the WebDriverAgentRunner application from the device if it is installed and reboot the device.
    at getResponseForW3CError (/usr/local/lib/node_modules/appium/node_modules/appium-base-driver/lib/protocol/errors.js:804:9)
    at asyncHandler (/usr/local/lib/node_modules/appium/node_modules/appium-base-driver/lib/protocol/protocol.js:392:37)
    at runNextTicks (internal/process/task_queues.js:62:5)
    at processImmediate (internal/timers.js:429:9)
Build info: version: &#039;3.141.59&#039;, revision: &#039;e82be7d358&#039;, time: &#039;2018-11-14T08:17:03&#039;
System info: host: &#039;m915.local&#039;, ip: &#039;fe80:0:0:0:90:8c63:ed56:f314%en0&#039;, os.name: &#039;Mac OS X&#039;, os.arch: &#039;x86_64&#039;, os.version: &#039;10.15.4&#039;, java.version: &#039;14.0.1&#039;
Driver info: driver.version: BaseDriver" type="org.openqa.selenium.SessionNotCreatedException">
      <![CDATA[org.openqa.selenium.SessionNotCreatedException: Unable to create a new remote session. Please check the server log for more details. Original error: An unknown server-side error occurred while processing the command. Original error: Unable to launch WebDriverAgent because of xcodebuild failure: xcodebuild failed with code 65
xcodebuild error message:

2020-06-10 10:41:53.130 xcodebuild[80263:1501910]  iPhoneConnect: ðŸ“±<DVTiOSDevice (0x7ffdc8b806f0), TransmitterTeamâ€™s iPhone, iPhone, 12.3.1 (16F203), dd5248d47c0b16cb20c11ef4cb2fd65d25ae73f4> failed to install /Users/sm0520/Library/Developer/Xcode/DerivedData/WebDriverAgent-ciegwgvxzxdrqthilmrmczmqvrgu/Build/Products/Debug-iphoneos/WebDriverAgentRunner-Runner.app - error Error Domain=com.apple.dtdevicekit Code=-402620395 "App installation failed" UserInfo={NSLocalizedDescription=App installation failed, com.apple.dtdevicekit.stacktrace=(
0   DTDeviceKitBase                     0x000000011b1aaa56 DTDKCreateNSError + 113
1   DTDeviceKitBase                     0x000000011b1ab2c5 DTDK_AMDErrorToNSError + 1177
2   DTDeviceKitBase                     0x000000011b1eb585 __90-[DTDKMobileDeviceToken installApplicationBundleAtPath:withOptions:andError:withCallback:]_block_invoke + 158
3   DVTFoundation                       0x000000010c97e511 DVTInvokeWithStrongOwnership + 73
4   DTDeviceKitBase                     0x000000011b1eb2b2 -[DTDKMobileDeviceToken installApplicationBundleAtPath:withOptions:andError:withCallback:] + 1439
5   IDEiOSSupportCore                   0x000000011b0e3279 __118-[DVTiOSDevice(DVTiPhoneApplicationInstallation) processAppInstallSet:appUninstallSet:installOptions:completionBlock:]_block_invoke.338 + 4146
6   DVTFoundation                       0x000000010caae43e __DVTDispatchAsync_block_invoke + 801
7   libdispatch.dylib                   0x00007fff70d5f6c4 _dispatch_call_block_and_release + 12
8   libdispatch.dylib                   0x00007fff70d60658 _dispatch_client_callout + 8
9   libdispatch.dylib                   0x00007fff70d65c44 _dispatch_lane_serial_drain + 597
10  libdispatch.dylib                   0x00007fff70d665d6 _dispatch_lane_invoke + 363
11  libdispatch.dylib                   0x00007fff70d6fc09 _dispatch_workloop_worker_thread + 596
12  libsystem_pthread.dylib             0x00007fff70fbaa3d _pthread_wqthread + 290
13  libsystem_pthread.dylib             0x00007fff70fb9b77 start_wqthread + 15
), NSLocalizedRecoverySuggestion=A valid provisioning profile for this executable was not found., NSLocalizedFailureReason=A valid provisioning profile for this executable was not found.}
*** If you believe this error represents a bug, please attach the result bundle at /Users/sm0520/Library/Developer/Xcode/DerivedData/WebDriverAgent-ciegwgvxzxdrqthilmrmczmqvrgu/Logs/Test/Test-WebDriverAgentRunner-2020.06.10_10-41-51--0700.xcresult
2020-06-10 10:41:53.135 xcodebuild[80263:1501865] [MT] IDETestOperationsObserverDebug: 1.287 elapsed -- Testing started completed.
2020-06-10 10:41:53.135 xcodebuild[80263:1501865] [MT] IDETestOperationsObserverDebug: 0.000 sec, +0.000 sec -- start
2020-06-10 10:41:53.135 xcodebuild[80263:1501865] [MT] IDETestOperationsObserverDebug: 1.287 sec, +1.287 sec -- end
2020-06-10 10:41:53.135 xcodebuild[80263:1501865] Error Domain=com.apple.dtdevicekit Code=-402620395 "App installation failed" UserInfo={NSLocalizedDescription=App installation failed, com.apple.dtdevicekit.stacktrace=(
0   DTDeviceKitBase                     0x000000011b1aaa56 DTDKCreateNSError + 113
1   DTDeviceKitBase                     0x000000011b1ab2c5 DTDK_AMDErrorToNSError + 1177
2   DTDeviceKitBase                     0x000000011b1eb585 __90-[DTDKMobileDeviceToken installApplicationBundleAtPath:withOptions:andError:withCallback:]_block_invoke + 158
3   DVTFoundation                       0x000000010c97e511 DVTInvokeWithStrongOwnership + 73
4   DTDeviceKitBase                     0x000000011b1eb2b2 -[DTDKMobileDeviceToken installApplicationBundleAtPath:withOptions:andError:withCallback:] + 1439
5   IDEiOSSupportCore                   0x000000011b0e3279 __118-[DVTiOSDevice(DVTiPhoneApplicationInstallation) processAppInstallSet:appUninstallSet:installOptions:completionBlock:]_block_invoke.338 + 4146
6   DVTFoundation                       0x000000010caae43e __DVTDispatchAsync_block_invoke + 801
7   libdispatch.dylib                   0x00007fff70d5f6c4 _dispatch_call_block_and_release + 12
8   libdispatch.dylib                   0x00007fff70d60658 _dispatch_client_callout + 8
9   libdispatch.dylib                   0x00007fff70d65c44 _dispatch_lane_serial_drain + 597
10  libdispatch.dylib                   0x00007fff70d665d6 _dispatch_lane_invoke + 363
11  libdispatch.dylib                   0x00007fff70d6fc09 _dispatch_workloop_worker_thread + 596
12  libsystem_pthread.dylib             0x00007fff70fbaa3d _pthread_wqthread + 290
13  libsystem_pthread.dylib             0x00007fff70fb9b77 start_wqthread + 15
), NSLocalizedRecoverySuggestion=A valid provisioning profile for this executable was not found., NSLocalizedFailureReason=A valid provisioning profile for this executable was not found.}
Testing failed:
Provisioning profile "iOS Team Provisioning Profile: com.sm0520.WebDriverAgentRunner" expired on Jun 9, 2020. (in target 'WebDriverAgentRunner')
WebDriverAgentRunner:
WebDriverAgentRunner-Runner.app encountered an error (Failed to install or launch the test runner. (Underlying error: App installation failed. A valid provisioning profile for this executable was not found.))
Test session results and logs:
/Users/sm0520/Library/Developer/Xcode/DerivedData/WebDriverAgent-ciegwgvxzxdrqthilmrmczmqvrgu/Logs/Test/Test-WebDriverAgentRunner-2020.06.10_10-41-51--0700.xcresult
** TEST EXECUTE FAILED **
Testing started on 'TransmitterTeamâ€™s iPhone'. Make sure you follow the tutorial at https://github.com/appium/appium-xcuitest-driver/blob/master/docs/real-device-config.md. Try to remove the WebDriverAgentRunner application from the device if it is installed and reboot the device.
Build info: version: '3.141.59', revision: 'e82be7d358', time: '2018-11-14T08:17:03'
System info: host: 'm915.local', ip: 'fe80:0:0:0:90:8c63:ed56:f314%en0', os.name: 'Mac OS X', os.arch: 'x86_64', os.version: '10.15.4', java.version: '14.0.1'
Driver info: driver.version: BaseDriver
remote stacktrace: UnknownError: An unknown server-side error occurred while processing the command. Original error: Unable to launch WebDriverAgent because of xcodebuild failure: xcodebuild failed with code 65
xcodebuild error message:

2020-06-10 10:41:53.130 xcodebuild[80263:1501910]  iPhoneConnect: ðŸ“±<DVTiOSDevice (0x7ffdc8b806f0), TransmitterTeamâ€™s iPhone, iPhone, 12.3.1 (16F203), dd5248d47c0b16cb20c11ef4cb2fd65d25ae73f4> failed to install /Users/sm0520/Library/Developer/Xcode/DerivedData/WebDriverAgent-ciegwgvxzxdrqthilmrmczmqvrgu/Build/Products/Debug-iphoneos/WebDriverAgentRunner-Runner.app - error Error Domain=com.apple.dtdevicekit Code=-402620395 "App installation failed" UserInfo={NSLocalizedDescription=App installation failed, com.apple.dtdevicekit.stacktrace=(
0   DTDeviceKitBase                     0x000000011b1aaa56 DTDKCreateNSError + 113
1   DTDeviceKitBase                     0x000000011b1ab2c5 DTDK_AMDErrorToNSError + 1177
2   DTDeviceKitBase                     0x000000011b1eb585 __90-[DTDKMobileDeviceToken installApplicationBundleAtPath:withOptions:andError:withCallback:]_block_invoke + 158
3   DVTFoundation                       0x000000010c97e511 DVTInvokeWithStrongOwnership + 73
4   DTDeviceKitBase                     0x000000011b1eb2b2 -[DTDKMobileDeviceToken installApplicationBundleAtPath:withOptions:andError:withCallback:] + 1439
5   IDEiOSSupportCore                   0x000000011b0e3279 __118-[DVTiOSDevice(DVTiPhoneApplicationInstallation) processAppInstallSet:appUninstallSet:installOptions:completionBlock:]_block_invoke.338 + 4146
6   DVTFoundation                       0x000000010caae43e __DVTDispatchAsync_block_invoke + 801
7   libdispatch.dylib                   0x00007fff70d5f6c4 _dispatch_call_block_and_release + 12
8   libdispatch.dylib                   0x00007fff70d60658 _dispatch_client_callout + 8
9   libdispatch.dylib                   0x00007fff70d65c44 _dispatch_lane_serial_drain + 597
10  libdispatch.dylib                   0x00007fff70d665d6 _dispatch_lane_invoke + 363
11  libdispatch.dylib                   0x00007fff70d6fc09 _dispatch_workloop_worker_thread + 596
12  libsystem_pthread.dylib             0x00007fff70fbaa3d _pthread_wqthread + 290
13  libsystem_pthread.dylib             0x00007fff70fb9b77 start_wqthread + 15
), NSLocalizedRecoverySuggestion=A valid provisioning profile for this executable was not found., NSLocalizedFailureReason=A valid provisioning profile for this executable was not found.}
*** If you believe this error represents a bug, please attach the result bundle at /Users/sm0520/Library/Developer/Xcode/DerivedData/WebDriverAgent-ciegwgvxzxdrqthilmrmczmqvrgu/Logs/Test/Test-WebDriverAgentRunner-2020.06.10_10-41-51--0700.xcresult
2020-06-10 10:41:53.135 xcodebuild[80263:1501865] [MT] IDETestOperationsObserverDebug: 1.287 elapsed -- Testing started completed.
2020-06-10 10:41:53.135 xcodebuild[80263:1501865] [MT] IDETestOperationsObserverDebug: 0.000 sec, +0.000 sec -- start
2020-06-10 10:41:53.135 xcodebuild[80263:1501865] [MT] IDETestOperationsObserverDebug: 1.287 sec, +1.287 sec -- end
2020-06-10 10:41:53.135 xcodebuild[80263:1501865] Error Domain=com.apple.dtdevicekit Code=-402620395 "App installation failed" UserInfo={NSLocalizedDescription=App installation failed, com.apple.dtdevicekit.stacktrace=(
0   DTDeviceKitBase                     0x000000011b1aaa56 DTDKCreateNSError + 113
1   DTDeviceKitBase                     0x000000011b1ab2c5 DTDK_AMDErrorToNSError + 1177
2   DTDeviceKitBase                     0x000000011b1eb585 __90-[DTDKMobileDeviceToken installApplicationBundleAtPath:withOptions:andError:withCallback:]_block_invoke + 158
3   DVTFoundation                       0x000000010c97e511 DVTInvokeWithStrongOwnership + 73
4   DTDeviceKitBase                     0x000000011b1eb2b2 -[DTDKMobileDeviceToken installApplicationBundleAtPath:withOptions:andError:withCallback:] + 1439
5   IDEiOSSupportCore                   0x000000011b0e3279 __118-[DVTiOSDevice(DVTiPhoneApplicationInstallation) processAppInstallSet:appUninstallSet:installOptions:completionBlock:]_block_invoke.338 + 4146
6   DVTFoundation                       0x000000010caae43e __DVTDispatchAsync_block_invoke + 801
7   libdispatch.dylib                   0x00007fff70d5f6c4 _dispatch_call_block_and_release + 12
8   libdispatch.dylib                   0x00007fff70d60658 _dispatch_client_callout + 8
9   libdispatch.dylib                   0x00007fff70d65c44 _dispatch_lane_serial_drain + 597
10  libdispatch.dylib                   0x00007fff70d665d6 _dispatch_lane_invoke + 363
11  libdispatch.dylib                   0x00007fff70d6fc09 _dispatch_workloop_worker_thread + 596
12  libsystem_pthread.dylib             0x00007fff70fbaa3d _pthread_wqthread + 290
13  libsystem_pthread.dylib             0x00007fff70fb9b77 start_wqthread + 15
), NSLocalizedRecoverySuggestion=A valid provisioning profile for this executable was not found., NSLocalizedFailureReason=A valid provisioning profile for this executable was not found.}
Testing failed:
Provisioning profile "iOS Team Provisioning Profile: com.sm0520.WebDriverAgentRunner" expired on Jun 9, 2020. (in target 'WebDriverAgentRunner')
WebDriverAgentRunner:
WebDriverAgentRunner-Runner.app encountered an error (Failed to install or launch the test runner. (Underlying error: App installation failed. A valid provisioning profile for this executable was not found.))
Test session results and logs:
/Users/sm0520/Library/Developer/Xcode/DerivedData/WebDriverAgent-ciegwgvxzxdrqthilmrmczmqvrgu/Logs/Test/Test-WebDriverAgentRunner-2020.06.10_10-41-51--0700.xcresult
** TEST EXECUTE FAILED **
Testing started on 'TransmitterTeamâ€™s iPhone'. Make sure you follow the tutorial at https://github.com/appium/appium-xcuitest-driver/blob/master/docs/real-device-config.md. Try to remove the WebDriverAgentRunner application from the device if it is installed and reboot the device.
    at getResponseForW3CError (/usr/local/lib/node_modules/appium/node_modules/appium-base-driver/lib/protocol/errors.js:804:9)
    at asyncHandler (/usr/local/lib/node_modules/appium/node_modules/appium-base-driver/lib/protocol/protocol.js:392:37)
    at runNextTicks (internal/process/task_queues.js:62:5)
    at processImmediate (internal/timers.js:429:9)
Build info: version: '3.141.59', revision: 'e82be7d358', time: '2018-11-14T08:17:03'
System info: host: 'm915.local', ip: 'fe80:0:0:0:90:8c63:ed56:f314%en0', os.name: 'Mac OS X', os.arch: 'x86_64', os.version: '10.15.4', java.version: '14.0.1'
Driver info: driver.version: BaseDriver
at io.appium.java_client.remote.AppiumCommandExecutor$1.createSession(AppiumCommandExecutor.java:208)
at io.appium.java_client.remote.AppiumCommandExecutor.createSession(AppiumCommandExecutor.java:217)
at io.appium.java_client.remote.AppiumCommandExecutor.execute(AppiumCommandExecutor.java:239)
at org.openqa.selenium.remote.RemoteWebDriver.execute(RemoteWebDriver.java:552)
at io.appium.java_client.DefaultGenericMobileDriver.execute(DefaultGenericMobileDriver.java:41)
at io.appium.java_client.AppiumDriver.execute(AppiumDriver.java:1)
at io.appium.java_client.ios.IOSDriver.execute(IOSDriver.java:1)
at org.openqa.selenium.remote.RemoteWebDriver.startSession(RemoteWebDriver.java:213)
at io.appium.java_client.AppiumDriver.startSession(AppiumDriver.java:336)
at org.openqa.selenium.remote.RemoteWebDriver.<init>(RemoteWebDriver.java:131)
at io.appium.java_client.DefaultGenericMobileDriver.<init>(DefaultGenericMobileDriver.java:37)
at io.appium.java_client.AppiumDriver.<init>(AppiumDriver.java:88)
at io.appium.java_client.AppiumDriver.<init>(AppiumDriver.java:98)
at io.appium.java_client.ios.IOSDriver.<init>(IOSDriver.java:90)
at tests.BaseDriver.openNativeApp(BaseDriver.java:145)
at tests.safariTest.webTest1(safariTest.java:12)
at java.base/jdk.internal.reflect.NativeMethodAccessorImpl.invoke0(Native Method)
at java.base/jdk.internal.reflect.NativeMethodAccessorImpl.invoke(NativeMethodAccessorImpl.java:62)
at java.base/jdk.internal.reflect.DelegatingMethodAccessorImpl.invoke(DelegatingMethodAccessorImpl.java:43)
at java.base/java.lang.reflect.Method.invoke(Method.java:564)
at org.testng.internal.MethodInvocationHelper.invokeMethod(MethodInvocationHelper.java:133)
at org.testng.internal.TestInvoker.invokeMethod(TestInvoker.java:584)
at org.testng.internal.TestInvoker.invokeTestMethod(TestInvoker.java:172)
at org.testng.internal.MethodRunner.runInSequence(MethodRunner.java:46)
at org.testng.internal.TestInvoker$MethodInvocationAgent.invoke(TestInvoker.java:804)
at org.testng.internal.TestInvoker.invokeTestMethods(TestInvoker.java:145)
at org.testng.internal.TestMethodWorker.invokeTestMethods(TestMethodWorker.java:146)
at org.testng.internal.TestMethodWorker.run(TestMethodWorker.java:128)
at java.base/java.util.ArrayList.forEach(ArrayList.java:1510)
at org.testng.TestRunner.privateRun(TestRunner.java:770)
at org.testng.TestRunner.run(TestRunner.java:591)
at org.testng.SuiteRunner.runTest(SuiteRunner.java:402)
at org.testng.SuiteRunner.runSequentially(SuiteRunner.java:396)
at org.testng.SuiteRunner.privateRun(SuiteRunner.java:355)
at org.testng.SuiteRunner.run(SuiteRunner.java:304)
at org.testng.SuiteRunnerWorker.runSuite(SuiteRunnerWorker.java:53)
at org.testng.SuiteRunnerWorker.run(SuiteRunnerWorker.java:96)
at org.testng.TestNG.runSuitesSequentially(TestNG.java:1180)
at org.testng.TestNG.runSuitesLocally(TestNG.java:1102)
at org.testng.TestNG.runSuites(TestNG.java:1032)
at org.testng.TestNG.run(TestNG.java:1000)
at org.testng.remote.AbstractRemoteTestNG.run(AbstractRemoteTestNG.java:115)
at org.testng.remote.RemoteTestNG.initAndRun(RemoteTestNG.java:251)
at org.testng.remote.RemoteTestNG.main(RemoteTestNG.java:77)
Caused by: java.lang.reflect.InvocationTargetException
at java.base/jdk.internal.reflect.NativeMethodAccessorImpl.invoke0(Native Method)
at java.base/jdk.internal.reflect.NativeMethodAccessorImpl.invoke(NativeMethodAccessorImpl.java:62)
at java.base/jdk.internal.reflect.DelegatingMethodAccessorImpl.invoke(DelegatingMethodAccessorImpl.java:43)
at java.base/java.lang.reflect.Method.invoke(Method.java:564)
at io.appium.java_client.remote.AppiumCommandExecutor$1.createSession(AppiumCommandExecutor.java:186)
... 43 more
Caused by: org.openqa.selenium.WebDriverException: An unknown server-side error occurred while processing the command. Original error: Unable to launch WebDriverAgent because of xcodebuild failure: xcodebuild failed with code 65
xcodebuild error message:

2020-06-10 10:41:53.130 xcodebuild[80263:1501910]  iPhoneConnect: ðŸ“±<DVTiOSDevice (0x7ffdc8b806f0), TransmitterTeamâ€™s iPhone, iPhone, 12.3.1 (16F203), dd5248d47c0b16cb20c11ef4cb2fd65d25ae73f4> failed to install /Users/sm0520/Library/Developer/Xcode/DerivedData/WebDriverAgent-ciegwgvxzxdrqthilmrmczmqvrgu/Build/Products/Debug-iphoneos/WebDriverAgentRunner-Runner.app - error Error Domain=com.apple.dtdevicekit Code=-402620395 "App installation failed" UserInfo={NSLocalizedDescription=App installation failed, com.apple.dtdevicekit.stacktrace=(
0   DTDeviceKitBase                     0x000000011b1aaa56 DTDKCreateNSError + 113
1   DTDeviceKitBase                     0x000000011b1ab2c5 DTDK_AMDErrorToNSError + 1177
2   DTDeviceKitBase                     0x000000011b1eb585 __90-[DTDKMobileDeviceToken installApplicationBundleAtPath:withOptions:andError:withCallback:]_block_invoke + 158
3   DVTFoundation                       0x000000010c97e511 DVTInvokeWithStrongOwnership + 73
4   DTDeviceKitBase                     0x000000011b1eb2b2 -[DTDKMobileDeviceToken installApplicationBundleAtPath:withOptions:andError:withCallback:] + 1439
5   IDEiOSSupportCore                   0x000000011b0e3279 __118-[DVTiOSDevice(DVTiPhoneApplicationInstallation) processAppInstallSet:appUninstallSet:installOptions:completionBlock:]_block_invoke.338 + 4146
6   DVTFoundation                       0x000000010caae43e __DVTDispatchAsync_block_invoke + 801
7   libdispatch.dylib                   0x00007fff70d5f6c4 _dispatch_call_block_and_release + 12
8   libdispatch.dylib                   0x00007fff70d60658 _dispatch_client_callout + 8
9   libdispatch.dylib                   0x00007fff70d65c44 _dispatch_lane_serial_drain + 597
10  libdispatch.dylib                   0x00007fff70d665d6 _dispatch_lane_invoke + 363
11  libdispatch.dylib                   0x00007fff70d6fc09 _dispatch_workloop_worker_thread + 596
12  libsystem_pthread.dylib             0x00007fff70fbaa3d _pthread_wqthread + 290
13  libsystem_pthread.dylib             0x00007fff70fb9b77 start_wqthread + 15
), NSLocalizedRecoverySuggestion=A valid provisioning profile for this executable was not found., NSLocalizedFailureReason=A valid provisioning profile for this executable was not found.}
*** If you believe this error represents a bug, please attach the result bundle at /Users/sm0520/Library/Developer/Xcode/DerivedData/WebDriverAgent-ciegwgvxzxdrqthilmrmczmqvrgu/Logs/Test/Test-WebDriverAgentRunner-2020.06.10_10-41-51--0700.xcresult
2020-06-10 10:41:53.135 xcodebuild[80263:1501865] [MT] IDETestOperationsObserverDebug: 1.287 elapsed -- Testing started completed.
2020-06-10 10:41:53.135 xcodebuild[80263:1501865] [MT] IDETestOperationsObserverDebug: 0.000 sec, +0.000 sec -- start
2020-06-10 10:41:53.135 xcodebuild[80263:1501865] [MT] IDETestOperationsObserverDebug: 1.287 sec, +1.287 sec -- end
2020-06-10 10:41:53.135 xcodebuild[80263:1501865] Error Domain=com.apple.dtdevicekit Code=-402620395 "App installation failed" UserInfo={NSLocalizedDescription=App installation failed, com.apple.dtdevicekit.stacktrace=(
0   DTDeviceKitBase                     0x000000011b1aaa56 DTDKCreateNSError + 113
1   DTDeviceKitBase                     0x000000011b1ab2c5 DTDK_AMDErrorToNSError + 1177
2   DTDeviceKitBase                     0x000000011b1eb585 __90-[DTDKMobileDeviceToken installApplicationBundleAtPath:withOptions:andError:withCallback:]_block_invoke + 158
3   DVTFoundation                       0x000000010c97e511 DVTInvokeWithStrongOwnership + 73
4   DTDeviceKitBase                     0x000000011b1eb2b2 -[DTDKMobileDeviceToken installApplicationBundleAtPath:withOptions:andError:withCallback:] + 1439
5   IDEiOSSupportCore                   0x000000011b0e3279 __118-[DVTiOSDevice(DVTiPhoneApplicationInstallation) processAppInstallSet:appUninstallSet:installOptions:completionBlock:]_block_invoke.338 + 4146
6   DVTFoundation                       0x000000010caae43e __DVTDispatchAsync_block_invoke + 801
7   libdispatch.dylib                   0x00007fff70d5f6c4 _dispatch_call_block_and_release + 12
8   libdispatch.dylib                   0x00007fff70d60658 _dispatch_client_callout + 8
9   libdispatch.dylib                   0x00007fff70d65c44 _dispatch_lane_serial_drain + 597
10  libdispatch.dylib                   0x00007fff70d665d6 _dispatch_lane_invoke + 363
11  libdispatch.dylib                   0x00007fff70d6fc09 _dispatch_workloop_worker_thread + 596
12  libsystem_pthread.dylib             0x00007fff70fbaa3d _pthread_wqthread + 290
13  libsystem_pthread.dylib             0x00007fff70fb9b77 start_wqthread + 15
), NSLocalizedRecoverySuggestion=A valid provisioning profile for this executable was not found., NSLocalizedFailureReason=A valid provisioning profile for this executable was not found.}
Testing failed:
Provisioning profile "iOS Team Provisioning Profile: com.sm0520.WebDriverAgentRunner" expired on Jun 9, 2020. (in target 'WebDriverAgentRunner')
WebDriverAgentRunner:
WebDriverAgentRunner-Runner.app encountered an error (Failed to install or launch the test runner. (Underlying error: App installation failed. A valid provisioning profile for this executable was not found.))
Test session results and logs:
/Users/sm0520/Library/Developer/Xcode/DerivedData/WebDriverAgent-ciegwgvxzxdrqthilmrmczmqvrgu/Logs/Test/Test-WebDriverAgentRunner-2020.06.10_10-41-51--0700.xcresult
** TEST EXECUTE FAILED **
Testing started on 'TransmitterTeamâ€™s iPhone'. Make sure you follow the tutorial at https://github.com/appium/appium-xcuitest-driver/blob/master/docs/real-device-config.md. Try to remove the WebDriverAgentRunner application from the device if it is installed and reboot the device.
Build info: version: '3.141.59', revision: 'e82be7d358', time: '2018-11-14T08:17:03'
System info: host: 'm915.local', ip: 'fe80:0:0:0:90:8c63:ed56:f314%en0', os.name: 'Mac OS X', os.arch: 'x86_64', os.version: '10.15.4', java.version: '14.0.1'
Driver info: driver.version: BaseDriver
remote stacktrace: UnknownError: An unknown server-side error occurred while processing the command. Original error: Unable to launch WebDriverAgent because of xcodebuild failure: xcodebuild failed with code 65
xcodebuild error message:

2020-06-10 10:41:53.130 xcodebuild[80263:1501910]  iPhoneConnect: ðŸ“±<DVTiOSDevice (0x7ffdc8b806f0), TransmitterTeamâ€™s iPhone, iPhone, 12.3.1 (16F203), dd5248d47c0b16cb20c11ef4cb2fd65d25ae73f4> failed to install /Users/sm0520/Library/Developer/Xcode/DerivedData/WebDriverAgent-ciegwgvxzxdrqthilmrmczmqvrgu/Build/Products/Debug-iphoneos/WebDriverAgentRunner-Runner.app - error Error Domain=com.apple.dtdevicekit Code=-402620395 "App installation failed" UserInfo={NSLocalizedDescription=App installation failed, com.apple.dtdevicekit.stacktrace=(
0   DTDeviceKitBase                     0x000000011b1aaa56 DTDKCreateNSError + 113
1   DTDeviceKitBase                     0x000000011b1ab2c5 DTDK_AMDErrorToNSError + 1177
2   DTDeviceKitBase                     0x000000011b1eb585 __90-[DTDKMobileDeviceToken installApplicationBundleAtPath:withOptions:andError:withCallback:]_block_invoke + 158
3   DVTFoundation                       0x000000010c97e511 DVTInvokeWithStrongOwnership + 73
4   DTDeviceKitBase                     0x000000011b1eb2b2 -[DTDKMobileDeviceToken installApplicationBundleAtPath:withOptions:andError:withCallback:] + 1439
5   IDEiOSSupportCore                   0x000000011b0e3279 __118-[DVTiOSDevice(DVTiPhoneApplicationInstallation) processAppInstallSet:appUninstallSet:installOptions:completionBlock:]_block_invoke.338 + 4146
6   DVTFoundation                       0x000000010caae43e __DVTDispatchAsync_block_invoke + 801
7   libdispatch.dylib                   0x00007fff70d5f6c4 _dispatch_call_block_and_release + 12
8   libdispatch.dylib                   0x00007fff70d60658 _dispatch_client_callout + 8
9   libdispatch.dylib                   0x00007fff70d65c44 _dispatch_lane_serial_drain + 597
10  libdispatch.dylib                   0x00007fff70d665d6 _dispatch_lane_invoke + 363
11  libdispatch.dylib                   0x00007fff70d6fc09 _dispatch_workloop_worker_thread + 596
12  libsystem_pthread.dylib             0x00007fff70fbaa3d _pthread_wqthread + 290
13  libsystem_pthread.dylib             0x00007fff70fb9b77 start_wqthread + 15
), NSLocalizedRecoverySuggestion=A valid provisioning profile for this executable was not found., NSLocalizedFailureReason=A valid provisioning profile for this executable was not found.}
*** If you believe this error represents a bug, please attach the result bundle at /Users/sm0520/Library/Developer/Xcode/DerivedData/WebDriverAgent-ciegwgvxzxdrqthilmrmczmqvrgu/Logs/Test/Test-WebDriverAgentRunner-2020.06.10_10-41-51--0700.xcresult
2020-06-10 10:41:53.135 xcodebuild[80263:1501865] [MT] IDETestOperationsObserverDebug: 1.287 elapsed -- Testing started completed.
2020-06-10 10:41:53.135 xcodebuild[80263:1501865] [MT] IDETestOperationsObserverDebug: 0.000 sec, +0.000 sec -- start
2020-06-10 10:41:53.135 xcodebuild[80263:1501865] [MT] IDETestOperationsObserverDebug: 1.287 sec, +1.287 sec -- end
2020-06-10 10:41:53.135 xcodebuild[80263:1501865] Error Domain=com.apple.dtdevicekit Code=-402620395 "App installation failed" UserInfo={NSLocalizedDescription=App installation failed, com.apple.dtdevicekit.stacktrace=(
0   DTDeviceKitBase                     0x000000011b1aaa56 DTDKCreateNSError + 113
1   DTDeviceKitBase                     0x000000011b1ab2c5 DTDK_AMDErrorToNSError + 1177
2   DTDeviceKitBase                     0x000000011b1eb585 __90-[DTDKMobileDeviceToken installApplicationBundleAtPath:withOptions:andError:withCallback:]_block_invoke + 158
3   DVTFoundation                       0x000000010c97e511 DVTInvokeWithStrongOwnership + 73
4   DTDeviceKitBase                     0x000000011b1eb2b2 -[DTDKMobileDeviceToken installApplicationBundleAtPath:withOptions:andError:withCallback:] + 1439
5   IDEiOSSupportCore                   0x000000011b0e3279 __118-[DVTiOSDevice(DVTiPhoneApplicationInstallation) processAppInstallSet:appUninstallSet:installOptions:completionBlock:]_block_invoke.338 + 4146
6   DVTFoundation                       0x000000010caae43e __DVTDispatchAsync_block_invoke + 801
7   libdispatch.dylib                   0x00007fff70d5f6c4 _dispatch_call_block_and_release + 12
8   libdispatch.dylib                   0x00007fff70d60658 _dispatch_client_callout + 8
9   libdispatch.dylib                   0x00007fff70d65c44 _dispatch_lane_serial_drain + 597
10  libdispatch.dylib                   0x00007fff70d665d6 _dispatch_lane_invoke + 363
11  libdispatch.dylib                   0x00007fff70d6fc09 _dispatch_workloop_worker_thread + 596
12  libsystem_pthread.dylib             0x00007fff70fbaa3d _pthread_wqthread + 290
13  libsystem_pthread.dylib             0x00007fff70fb9b77 start_wqthread + 15
), NSLocalizedRecoverySuggestion=A valid provisioning profile for this executable was not found., NSLocalizedFailureReason=A valid provisioning profile for this executable was not found.}
Testing failed:
Provisioning profile "iOS Team Provisioning Profile: com.sm0520.WebDriverAgentRunner" expired on Jun 9, 2020. (in target 'WebDriverAgentRunner')
WebDriverAgentRunner:
WebDriverAgentRunner-Runner.app encountered an error (Failed to install or launch the test runner. (Underlying error: App installation failed. A valid provisioning profile for this executable was not found.))
Test session results and logs:
/Users/sm0520/Library/Developer/Xcode/DerivedData/WebDriverAgent-ciegwgvxzxdrqthilmrmczmqvrgu/Logs/Test/Test-WebDriverAgentRunner-2020.06.10_10-41-51--0700.xcresult
** TEST EXECUTE FAILED **
Testing started on 'TransmitterTeamâ€™s iPhone'. Make sure you follow the tutorial at https://github.com/appium/appium-xcuitest-driver/blob/master/docs/real-device-config.md. Try to remove the WebDriverAgentRunner application from the device if it is installed and reboot the device.
    at getResponseForW3CError (/usr/local/lib/node_modules/appium/node_modules/appium-base-driver/lib/protocol/errors.js:804:9)
    at asyncHandler (/usr/local/lib/node_modules/appium/node_modules/appium-base-driver/lib/protocol/protocol.js:392:37)
    at runNextTicks (internal/process/task_queues.js:62:5)
    at processImmediate (internal/timers.js:429:9)
at java.base/jdk.internal.reflect.NativeConstructorAccessorImpl.newInstance0(Native Method)
at java.base/jdk.internal.reflect.NativeConstructorAccessorImpl.newInstance(NativeConstructorAccessorImpl.java:62)
at java.base/jdk.internal.reflect.DelegatingConstructorAccessorImpl.newInstance(DelegatingConstructorAccessorImpl.java:45)
at java.base/java.lang.reflect.Constructor.newInstanceWithCaller(Constructor.java:500)
at java.base/java.lang.reflect.Constructor.newInstance(Constructor.java:481)
at org.openqa.selenium.remote.W3CHandshakeResponse.lambda$errorHandler$0(W3CHandshakeResponse.java:62)
at org.openqa.selenium.remote.HandshakeResponse.lambda$getResponseFunction$0(HandshakeResponse.java:30)
at org.openqa.selenium.remote.ProtocolHandshake.lambda$createSession$0(ProtocolHandshake.java:126)
at java.base/java.util.stream.ReferencePipeline$3$1.accept(ReferencePipeline.java:195)
at java.base/java.util.Spliterators$ArraySpliterator.tryAdvance(Spliterators.java:958)
at java.base/java.util.stream.ReferencePipeline.forEachWithCancel(ReferencePipeline.java:127)
at java.base/java.util.stream.AbstractPipeline.copyIntoWithCancel(AbstractPipeline.java:502)
at java.base/java.util.stream.AbstractPipeline.copyInto(AbstractPipeline.java:488)
at java.base/java.util.stream.AbstractPipeline.wrapAndCopyInto(AbstractPipeline.java:474)
at java.base/java.util.stream.FindOps$FindOp.evaluateSequential(FindOps.java:150)
at java.base/java.util.stream.AbstractPipeline.evaluate(AbstractPipeline.java:234)
at java.base/java.util.stream.ReferencePipeline.findFirst(ReferencePipeline.java:543)
at org.openqa.selenium.remote.ProtocolHandshake.createSession(ProtocolHandshake.java:128)
... 48 more
]]>
    </error>
  </testcase> <!-- webTest1 -->
  <testcase classname="tests.safariTest" name="teardown" time="0.000">
    <error type="java.lang.NullPointerException">
      <![CDATA[java.lang.NullPointerException
at tests.BaseDriver.teardown(BaseDriver.java:165)
at java.base/jdk.internal.reflect.NativeMethodAccessorImpl.invoke0(Native Method)
at java.base/jdk.internal.reflect.NativeMethodAccessorImpl.invoke(NativeMethodAccessorImpl.java:62)
at java.base/jdk.internal.reflect.DelegatingMethodAccessorImpl.invoke(DelegatingMethodAccessorImpl.java:43)
at java.base/java.lang.reflect.Method.invoke(Method.java:564)
at org.testng.internal.MethodInvocationHelper.invokeMethod(MethodInvocationHelper.java:133)
at org.testng.internal.MethodInvocationHelper.invokeMethodConsideringTimeout(MethodInvocationHelper.java:62)
at org.testng.internal.ConfigInvoker.invokeConfigurationMethod(ConfigInvoker.java:340)
at org.testng.internal.ConfigInvoker.invokeConfigurations(ConfigInvoker.java:294)
at org.testng.TestRunner.invokeTestConfigurations(TestRunner.java:623)
at org.testng.TestRunner.afterRun(TestRunner.java:853)
at org.testng.TestRunner.run(TestRunner.java:594)
at org.testng.SuiteRunner.runTest(SuiteRunner.java:402)
at org.testng.SuiteRunner.runSequentially(SuiteRunner.java:396)
at org.testng.SuiteRunner.privateRun(SuiteRunner.java:355)
at org.testng.SuiteRunner.run(SuiteRunner.java:304)
at org.testng.SuiteRunnerWorker.runSuite(SuiteRunnerWorker.java:53)
at org.testng.SuiteRunnerWorker.run(SuiteRunnerWorker.java:96)
at org.testng.TestNG.runSuitesSequentially(TestNG.java:1180)
at org.testng.TestNG.runSuitesLocally(TestNG.java:1102)
at org.testng.TestNG.runSuites(TestNG.java:1032)
at org.testng.TestNG.run(TestNG.java:1000)
at org.testng.remote.AbstractRemoteTestNG.run(AbstractRemoteTestNG.java:115)
at org.testng.remote.RemoteTestNG.initAndRun(RemoteTestNG.java:251)
at org.testng.remote.RemoteTestNG.main(RemoteTestNG.java:77)
]]>
    </error>
  </testcase> <!-- teardown -->
</testsuite> <!-- tests.safariTest -->
